# JRE version: OpenJDK Runtime Environment Temurin-21.0.8+9 (21.0.8+9) (build 21.0.8+9-LTS)
# Java VM: OpenJDK 64-Bit Server VM Temurin-21.0.8+9 (21.0.8+9-LTS, mixed mode, sharing, tiered, compressed oops, compressed class ptrs, parallel gc, windows-amd64)
GC Precious Log:
 CardTable entry size: 512
 CPUs: 16 total, 16 available
 Memory: 15694M
 Large Page Support: Disabled
 NUMA Support: Disabled
 Compressed Oops: Enabled (32-bit)
 Alignments: Space 512K, Generation 512K, Heap 2M
 Heap Min Capacity: 100M
 Heap Initial Capacity: 100M
 Heap Max Capacity: 2G
 Pre-touch: Disabled
 Parallel Workers: 13
Heap:
 PSYoungGen      total 2560K, used 443K [0x00000000d5580000, 0x00000000d5900000, 0x0000000100000000)
  eden space 2048K, 4% used [0x00000000d5580000,0x00000000d5596f80,0x00000000d5780000)
  from space 512K, 68% used [0x00000000d5880000,0x00000000d58d8000,0x00000000d5900000)
  to   space 512K, 0% used [0x00000000d5800000,0x00000000d5800000,0x00000000d5880000)
 ParOldGen       total 842752K, used 215969K [0x0000000080000000, 0x00000000b3700000, 0x00000000d5580000)
  object space 842752K, 25% used [0x0000000080000000,0x000000008d2e8768,0x00000000b3700000)
 Metaspace       used 81324K, committed 82944K, reserved 1179648K
  class space    used 8295K, committed 9024K, reserved 1048576K
GC Heap History (20 events):
Event: 12411.597 GC heap before
{Heap before GC invocations=1691 (full 4):
 PSYoungGen      total 4608K, used 4096K [0x00000000d5580000, 0x00000000d5b00000, 0x0000000100000000)
  eden space 3584K, 100% used [0x00000000d5580000,0x00000000d5900000,0x00000000d5900000)
  from space 1024K, 50% used [0x00000000d5a00000,0x00000000d5a80000,0x00000000d5b00000)
  to   space 1024K, 0% used [0x00000000d5900000,0x00000000d5900000,0x00000000d5a00000)
 ParOldGen       total 842752K, used 207179K [0x0000000080000000, 0x00000000b3700000, 0x00000000d5580000)
  object space 842752K, 24% used [0x0000000080000000,0x000000008ca52c70,0x00000000b3700000)
 Metaspace       used 81284K, committed 82880K, reserved 1179648K
  class space    used 8294K, committed 9024K, reserved 1048576K
}
Event: 12411.600 GC heap after
{Heap after GC invocations=1691 (full 4):
 PSYoungGen      total 4608K, used 692K [0x00000000d5580000, 0x00000000d5b00000, 0x0000000100000000)
  eden space 3584K, 0% used [0x00000000d5580000,0x00000000d5580000,0x00000000d5900000)
  from space 1024K, 67% used [0x00000000d5900000,0x00000000d59ad200,0x00000000d5a00000)
  to   space 1024K, 0% used [0x00000000d5a00000,0x00000000d5a00000,0x00000000d5b00000)
 ParOldGen       total 842752K, used 207483K [0x0000000080000000, 0x00000000b3700000, 0x00000000d5580000)
  object space 842752K, 24% used [0x0000000080000000,0x000000008ca9ec70,0x00000000b3700000)
 Metaspace       used 81284K, committed 82880K, reserved 1179648K
  class space    used 8294K, committed 9024K, reserved 1048576K
}
Event: 12411.623 GC heap before
{Heap before GC invocations=1692 (full 4):
 PSYoungGen      total 4608K, used 4238K [0x00000000d5580000, 0x00000000d5b00000, 0x0000000100000000)
  eden space 3584K, 98% used [0x00000000d5580000,0x00000000d58f68a0,0x00000000d5900000)
  from space 1024K, 67% used [0x00000000d5900000,0x00000000d59ad200,0x00000000d5a00000)
  to   space 1024K, 0% used [0x00000000d5a00000,0x00000000d5a00000,0x00000000d5b00000)
 ParOldGen       total 842752K, used 207483K [0x0000000080000000, 0x00000000b3700000, 0x00000000d5580000)
  object space 842752K, 24% used [0x0000000080000000,0x000000008ca9ec70,0x00000000b3700000)
 Metaspace       used 81284K, committed 82880K, reserved 1179648K
  class space    used 8294K, committed 9024K, reserved 1048576K
}
Event: 12411.631 GC heap after
{Heap after GC invocations=1692 (full 4):
 PSYoungGen      total 2048K, used 995K [0x00000000d5580000, 0x00000000d6000000, 0x0000000100000000)
  eden space 1024K, 0% used [0x00000000d5580000,0x00000000d5580000,0x00000000d5680000)
  from space 1024K, 97% used [0x00000000d5a00000,0x00000000d5af8cf0,0x00000000d5b00000)
  to   space 3584K, 0% used [0x00000000d5680000,0x00000000d5680000,0x00000000d5a00000)
 ParOldGen       total 842752K, used 209255K [0x0000000080000000, 0x00000000b3700000, 0x00000000d5580000)
  object space 842752K, 24% used [0x0000000080000000,0x000000008cc59e70,0x00000000b3700000)
 Metaspace       used 81284K, committed 82880K, reserved 1179648K
  class space    used 8294K, committed 9024K, reserved 1048576K
}
Event: 12411.654 GC heap before
{Heap before GC invocations=1693 (full 4):
 PSYoungGen      total 2048K, used 1991K [0x00000000d5580000, 0x00000000d6000000, 0x0000000100000000)
  eden space 1024K, 97% used [0x00000000d5580000,0x00000000d5679110,0x00000000d5680000)
  from space 1024K, 97% used [0x00000000d5a00000,0x00000000d5af8cf0,0x00000000d5b00000)
  to   space 3584K, 0% used [0x00000000d5680000,0x00000000d5680000,0x00000000d5a00000)
 ParOldGen       total 842752K, used 209789K [0x0000000080000000, 0x00000000b3700000, 0x00000000d5580000)
  object space 842752K, 24% used [0x0000000080000000,0x000000008ccdf420,0x00000000b3700000)
 Metaspace       used 81284K, committed 82880K, reserved 1179648K
  class space    used 8294K, committed 9024K, reserved 1048576K
}
Event: 12411.660 GC heap after
{Heap after GC invocations=1693 (full 4):
 PSYoungGen      total 2048K, used 988K [0x00000000d5580000, 0x00000000d5a80000, 0x0000000100000000)
  eden space 1024K, 0% used [0x00000000d5580000,0x00000000d5580000,0x00000000d5680000)
  from space 1024K, 96% used [0x00000000d5680000,0x00000000d5777108,0x00000000d5780000)
  to   space 2048K, 0% used [0x00000000d5880000,0x00000000d5880000,0x00000000d5a80000)
 ParOldGen       total 842752K, used 210811K [0x0000000080000000, 0x00000000b3700000, 0x00000000d5580000)
  object space 842752K, 25% used [0x0000000080000000,0x000000008cddef10,0x00000000b3700000)
 Metaspace       used 81284K, committed 82880K, reserved 1179648K
  class space    used 8294K, committed 9024K, reserved 1048576K
}
Event: 12411.666 GC heap before
{Heap before GC invocations=1694 (full 4):
 PSYoungGen      total 2048K, used 1994K [0x00000000d5580000, 0x00000000d5a80000, 0x0000000100000000)
  eden space 1024K, 98% used [0x00000000d5580000,0x00000000d567b800,0x00000000d5680000)
  from space 1024K, 96% used [0x00000000d5680000,0x00000000d5777108,0x00000000d5780000)
  to   space 2048K, 0% used [0x00000000d5880000,0x00000000d5880000,0x00000000d5a80000)
 ParOldGen       total 842752K, used 210811K [0x0000000080000000, 0x00000000b3700000, 0x00000000d5580000)
  object space 842752K, 25% used [0x0000000080000000,0x000000008cddef10,0x00000000b3700000)
 Metaspace       used 81284K, committed 82880K, reserved 1179648K
  class space    used 8294K, committed 9024K, reserved 1048576K
}
Event: 12411.674 GC heap after
{Heap after GC invocations=1694 (full 4):
 PSYoungGen      total 3072K, used 1099K [0x00000000d5580000, 0x00000000d5a00000, 0x0000000100000000)
  eden space 1536K, 0% used [0x00000000d5580000,0x00000000d5580000,0x00000000d5700000)
  from space 1536K, 71% used [0x00000000d5880000,0x00000000d5992e28,0x00000000d5a00000)
  to   space 1536K, 0% used [0x00000000d5700000,0x00000000d5700000,0x00000000d5880000)
 ParOldGen       total 842752K, used 211572K [0x0000000080000000, 0x00000000b3700000, 0x00000000d5580000)
  object space 842752K, 25% used [0x0000000080000000,0x000000008ce9d3f8,0x00000000b3700000)
 Metaspace       used 81284K, committed 82880K, reserved 1179648K
  class space    used 8294K, committed 9024K, reserved 1048576K
}
Event: 12411.684 GC heap before
{Heap before GC invocations=1695 (full 4):
 PSYoungGen      total 3072K, used 2635K [0x00000000d5580000, 0x00000000d5a00000, 0x0000000100000000)
  eden space 1536K, 100% used [0x00000000d5580000,0x00000000d5700000,0x00000000d5700000)
  from space 1536K, 71% used [0x00000000d5880000,0x00000000d5992e28,0x00000000d5a00000)
  to   space 1536K, 0% used [0x00000000d5700000,0x00000000d5700000,0x00000000d5880000)
 ParOldGen       total 842752K, used 211572K [0x0000000080000000, 0x00000000b3700000, 0x00000000d5580000)
  object space 842752K, 25% used [0x0000000080000000,0x000000008ce9d3f8,0x00000000b3700000)
 Metaspace       used 81284K, committed 82880K, reserved 1179648K
  class space    used 8294K, committed 9024K, reserved 1048576K
}
Event: 12411.688 GC heap after
{Heap after GC invocations=1695 (full 4):
 PSYoungGen      total 3072K, used 1445K [0x00000000d5580000, 0x00000000d5a80000, 0x0000000100000000)
  eden space 1536K, 0% used [0x00000000d5580000,0x00000000d5580000,0x00000000d5700000)
  from space 1536K, 94% used [0x00000000d5700000,0x00000000d5869748,0x00000000d5880000)
  to   space 1536K, 0% used [0x00000000d5900000,0x00000000d5900000,0x00000000d5a80000)
 ParOldGen       total 842752K, used 212477K [0x0000000080000000, 0x00000000b3700000, 0x00000000d5580000)
  object space 842752K, 25% used [0x0000000080000000,0x000000008cf7f448,0x00000000b3700000)
 Metaspace       used 81284K, committed 82880K, reserved 1179648K
  class space    used 8294K, committed 9024K, reserved 1048576K
}
Event: 12411.719 GC heap before
{Heap before GC invocations=1696 (full 4):
 PSYoungGen      total 3072K, used 2981K [0x00000000d5580000, 0x00000000d5a80000, 0x0000000100000000)
  eden space 1536K, 100% used [0x00000000d5580000,0x00000000d5700000,0x00000000d5700000)
  from space 1536K, 94% used [0x00000000d5700000,0x00000000d5869748,0x00000000d5880000)
  to   space 1536K, 0% used [0x00000000d5900000,0x00000000d5900000,0x00000000d5a80000)
 ParOldGen       total 842752K, used 212477K [0x0000000080000000, 0x00000000b3700000, 0x00000000d5580000)
  object space 842752K, 25% used [0x0000000080000000,0x000000008cf7f448,0x00000000b3700000)
 Metaspace       used 81286K, committed 82880K, reserved 1179648K
  class space    used 8294K, committed 9024K, reserved 1048576K
}
Event: 12411.723 GC heap after
{Heap after GC invocations=1696 (full 4):
 PSYoungGen      total 3584K, used 1195K [0x00000000d5580000, 0x00000000d5a80000, 0x0000000100000000)
  eden space 2048K, 0% used [0x00000000d5580000,0x00000000d5580000,0x00000000d5780000)
  from space 1536K, 77% used [0x00000000d5900000,0x00000000d5a2ace0,0x00000000d5a80000)
  to   space 1536K, 0% used [0x00000000d5780000,0x00000000d5780000,0x00000000d5900000)
 ParOldGen       total 842752K, used 213769K [0x0000000080000000, 0x00000000b3700000, 0x00000000d5580000)
  object space 842752K, 25% used [0x0000000080000000,0x000000008d0c2490,0x00000000b3700000)
 Metaspace       used 81286K, committed 82880K, reserved 1179648K
  class space    used 8294K, committed 9024K, reserved 1048576K
}
Event: 12411.747 GC heap before
{Heap before GC invocations=1697 (full 4):
 PSYoungGen      total 3584K, used 3243K [0x00000000d5580000, 0x00000000d5a80000, 0x0000000100000000)
  eden space 2048K, 100% used [0x00000000d5580000,0x00000000d5780000,0x00000000d5780000)
  from space 1536K, 77% used [0x00000000d5900000,0x00000000d5a2ace0,0x00000000d5a80000)
  to   space 1536K, 0% used [0x00000000d5780000,0x00000000d5780000,0x00000000d5900000)
 ParOldGen       total 842752K, used 213769K [0x0000000080000000, 0x00000000b3700000, 0x00000000d5580000)
  object space 842752K, 25% used [0x0000000080000000,0x000000008d0c2490,0x00000000b3700000)
 Metaspace       used 81295K, committed 82880K, reserved 1179648K
  class space    used 8294K, committed 9024K, reserved 1048576K
}
Event: 12411.752 GC heap after
{Heap after GC invocations=1697 (full 4):
 PSYoungGen      total 3584K, used 672K [0x00000000d5580000, 0x00000000d5a00000, 0x0000000100000000)
  eden space 2048K, 0% used [0x00000000d5580000,0x00000000d5580000,0x00000000d5780000)
  from space 1536K, 43% used [0x00000000d5780000,0x00000000d5828000,0x00000000d5900000)
  to   space 1024K, 0% used [0x00000000d5900000,0x00000000d5900000,0x00000000d5a00000)
 ParOldGen       total 842752K, used 214787K [0x0000000080000000, 0x00000000b3700000, 0x00000000d5580000)
  object space 842752K, 25% used [0x0000000080000000,0x000000008d1c0ed0,0x00000000b3700000)
 Metaspace       used 81295K, committed 82880K, reserved 1179648K
  class space    used 8294K, committed 9024K, reserved 1048576K
}
Event: 12411.790 GC heap before
{Heap before GC invocations=1698 (full 4):
 PSYoungGen      total 3584K, used 2719K [0x00000000d5580000, 0x00000000d5a00000, 0x0000000100000000)
  eden space 2048K, 99% used [0x00000000d5580000,0x00000000d577fff8,0x00000000d5780000)
  from space 1536K, 43% used [0x00000000d5780000,0x00000000d5828000,0x00000000d5900000)
  to   space 1024K, 0% used [0x00000000d5900000,0x00000000d5900000,0x00000000d5a00000)
 ParOldGen       total 842752K, used 214787K [0x0000000080000000, 0x00000000b3700000, 0x00000000d5580000)
  object space 842752K, 25% used [0x0000000080000000,0x000000008d1c0ed0,0x00000000b3700000)
 Metaspace       used 81298K, committed 82880K, reserved 1179648K
  class space    used 8294K, committed 9024K, reserved 1048576K
}
Event: 12411.793 GC heap after
{Heap after GC invocations=1698 (full 4):
 PSYoungGen      total 2560K, used 512K [0x00000000d5580000, 0x00000000d5980000, 0x0000000100000000)
  eden space 2048K, 0% used [0x00000000d5580000,0x00000000d5580000,0x00000000d5780000)
  from space 512K, 100% used [0x00000000d5900000,0x00000000d5980000,0x00000000d5980000)
  to   space 1024K, 0% used [0x00000000d5780000,0x00000000d5780000,0x00000000d5880000)
 ParOldGen       total 842752K, used 215299K [0x0000000080000000, 0x00000000b3700000, 0x00000000d5580000)
  object space 842752K, 25% used [0x0000000080000000,0x000000008d240ed0,0x00000000b3700000)
 Metaspace       used 81298K, committed 82880K, reserved 1179648K
  class space    used 8294K, committed 9024K, reserved 1048576K
}
Event: 12411.826 GC heap before
{Heap before GC invocations=1699 (full 4):
 PSYoungGen      total 2560K, used 2560K [0x00000000d5580000, 0x00000000d5980000, 0x0000000100000000)
  eden space 2048K, 100% used [0x00000000d5580000,0x00000000d5780000,0x00000000d5780000)
  from space 512K, 100% used [0x00000000d5900000,0x00000000d5980000,0x00000000d5980000)
  to   space 1024K, 0% used [0x00000000d5780000,0x00000000d5780000,0x00000000d5880000)
 ParOldGen       total 842752K, used 215299K [0x0000000080000000, 0x00000000b3700000, 0x00000000d5580000)
  object space 842752K, 25% used [0x0000000080000000,0x000000008d240ed0,0x00000000b3700000)
 Metaspace       used 81308K, committed 82880K, reserved 1179648K
  class space    used 8295K, committed 9024K, reserved 1048576K
}
Event: 12411.828 GC heap after
{Heap after GC invocations=1699 (full 4):
 PSYoungGen      total 3072K, used 576K [0x00000000d5580000, 0x00000000d5980000, 0x0000000100000000)
  eden space 2048K, 0% used [0x00000000d5580000,0x00000000d5580000,0x00000000d5780000)
  from space 1024K, 56% used [0x00000000d5780000,0x00000000d5810000,0x00000000d5880000)
  to   space 1024K, 0% used [0x00000000d5880000,0x00000000d5880000,0x00000000d5980000)
 ParOldGen       total 842752K, used 215579K [0x0000000080000000, 0x00000000b3700000, 0x00000000d5580000)
  object space 842752K, 25% used [0x0000000080000000,0x000000008d286ed0,0x00000000b3700000)
 Metaspace       used 81308K, committed 82880K, reserved 1179648K
  class space    used 8295K, committed 9024K, reserved 1048576K
}
Event: 18965.296 GC heap before
{Heap before GC invocations=1700 (full 4):
 PSYoungGen      total 3072K, used 2624K [0x00000000d5580000, 0x00000000d5980000, 0x0000000100000000)
  eden space 2048K, 100% used [0x00000000d5580000,0x00000000d5780000,0x00000000d5780000)
  from space 1024K, 56% used [0x00000000d5780000,0x00000000d5810000,0x00000000d5880000)
  to   space 1024K, 0% used [0x00000000d5880000,0x00000000d5880000,0x00000000d5980000)
 ParOldGen       total 842752K, used 215579K [0x0000000080000000, 0x00000000b3700000, 0x00000000d5580000)
  object space 842752K, 25% used [0x0000000080000000,0x000000008d286ed0,0x00000000b3700000)
 Metaspace       used 81324K, committed 82944K, reserved 1179648K
  class space    used 8295K, committed 9024K, reserved 1048576K
}
Event: 18965.407 GC heap after
{Heap after GC invocations=1700 (full 4):
 PSYoungGen      total 2560K, used 352K [0x00000000d5580000, 0x00000000d5900000, 0x0000000100000000)
  eden space 2048K, 0% used [0x00000000d5580000,0x00000000d5580000,0x00000000d5780000)
  from space 512K, 68% used [0x00000000d5880000,0x00000000d58d8000,0x00000000d5900000)
  to   space 512K, 0% used [0x00000000d5800000,0x00000000d5800000,0x00000000d5880000)
 ParOldGen       total 842752K, used 215969K [0x0000000080000000, 0x00000000b3700000, 0x00000000d5580000)
  object space 842752K, 25% used [0x0000000080000000,0x000000008d2e8768,0x00000000b3700000)
 Metaspace       used 81324K, committed 82944K, reserved 1179648K
  class space    used 8295K, committed 9024K, reserved 1048576K
}

